CRITICAL - 2021-09-13 09:03:13 --> Invalid file: auth/register.php
#0 C:\xampp\htdocs\CodeIgniter4-Authentication\vendor\codeigniter4\framework\system\View\View.php(198): CodeIgniter\Exceptions\FrameworkException::forInvalidFile('auth/register.p...')
#1 C:\xampp\htdocs\CodeIgniter4-Authentication\vendor\codeigniter4\framework\system\Common.php(1092): CodeIgniter\View\View->render('auth/register', Array, true)
#2 C:\xampp\htdocs\CodeIgniter4-Authentication\app\Controllers\Auth.php(12): view('auth/register')
#3 C:\xampp\htdocs\CodeIgniter4-Authentication\vendor\codeigniter4\framework\system\CodeIgniter.php(802): App\Controllers\Auth->registrationForm()
#4 C:\xampp\htdocs\CodeIgniter4-Authentication\vendor\codeigniter4\framework\system\CodeIgniter.php(399): CodeIgniter\CodeIgniter->runController(Object(App\Controllers\Auth))
#5 C:\xampp\htdocs\CodeIgniter4-Authentication\vendor\codeigniter4\framework\system\CodeIgniter.php(317): CodeIgniter\CodeIgniter->handleRequest(NULL, Object(Config\Cache), false)
#6 C:\xampp\htdocs\CodeIgniter4-Authentication\public\index.php(45): CodeIgniter\CodeIgniter->run()
#7 C:\xampp\htdocs\CodeIgniter4-Authentication\vendor\codeigniter4\framework\system\Commands\Server\rewrite.php(43): require_once('C:\\xampp\\htdocs...')
#8 {main}
CRITICAL - 2021-09-13 09:04:50 --> Invalid file: auth/register.php
#0 C:\xampp\htdocs\CodeIgniter4-Authentication\vendor\codeigniter4\framework\system\View\View.php(198): CodeIgniter\Exceptions\FrameworkException::forInvalidFile('auth/register.p...')
#1 C:\xampp\htdocs\CodeIgniter4-Authentication\vendor\codeigniter4\framework\system\Common.php(1092): CodeIgniter\View\View->render('auth/register', Array, true)
#2 C:\xampp\htdocs\CodeIgniter4-Authentication\app\Controllers\Auth.php(12): view('auth/register')
#3 C:\xampp\htdocs\CodeIgniter4-Authentication\vendor\codeigniter4\framework\system\CodeIgniter.php(802): App\Controllers\Auth->registrationForm()
#4 C:\xampp\htdocs\CodeIgniter4-Authentication\vendor\codeigniter4\framework\system\CodeIgniter.php(399): CodeIgniter\CodeIgniter->runController(Object(App\Controllers\Auth))
#5 C:\xampp\htdocs\CodeIgniter4-Authentication\vendor\codeigniter4\framework\system\CodeIgniter.php(317): CodeIgniter\CodeIgniter->handleRequest(NULL, Object(Config\Cache), false)
#6 C:\xampp\htdocs\CodeIgniter4-Authentication\public\index.php(45): CodeIgniter\CodeIgniter->run()
#7 C:\xampp\htdocs\CodeIgniter4-Authentication\vendor\codeigniter4\framework\system\Commands\Server\rewrite.php(43): require_once('C:\\xampp\\htdocs...')
#8 {main}
CRITICAL - 2021-09-13 09:04:51 --> Invalid file: auth/register.php
#0 C:\xampp\htdocs\CodeIgniter4-Authentication\vendor\codeigniter4\framework\system\View\View.php(198): CodeIgniter\Exceptions\FrameworkException::forInvalidFile('auth/register.p...')
#1 C:\xampp\htdocs\CodeIgniter4-Authentication\vendor\codeigniter4\framework\system\Common.php(1092): CodeIgniter\View\View->render('auth/register', Array, true)
#2 C:\xampp\htdocs\CodeIgniter4-Authentication\app\Controllers\Auth.php(12): view('auth/register')
#3 C:\xampp\htdocs\CodeIgniter4-Authentication\vendor\codeigniter4\framework\system\CodeIgniter.php(802): App\Controllers\Auth->registrationForm()
#4 C:\xampp\htdocs\CodeIgniter4-Authentication\vendor\codeigniter4\framework\system\CodeIgniter.php(399): CodeIgniter\CodeIgniter->runController(Object(App\Controllers\Auth))
#5 C:\xampp\htdocs\CodeIgniter4-Authentication\vendor\codeigniter4\framework\system\CodeIgniter.php(317): CodeIgniter\CodeIgniter->handleRequest(NULL, Object(Config\Cache), false)
#6 C:\xampp\htdocs\CodeIgniter4-Authentication\public\index.php(45): CodeIgniter\CodeIgniter->run()
#7 C:\xampp\htdocs\CodeIgniter4-Authentication\vendor\codeigniter4\framework\system\Commands\Server\rewrite.php(43): require_once('C:\\xampp\\htdocs...')
#8 {main}
CRITICAL - 2021-09-13 09:04:52 --> Invalid file: auth/register.php
#0 C:\xampp\htdocs\CodeIgniter4-Authentication\vendor\codeigniter4\framework\system\View\View.php(198): CodeIgniter\Exceptions\FrameworkException::forInvalidFile('auth/register.p...')
#1 C:\xampp\htdocs\CodeIgniter4-Authentication\vendor\codeigniter4\framework\system\Common.php(1092): CodeIgniter\View\View->render('auth/register', Array, true)
#2 C:\xampp\htdocs\CodeIgniter4-Authentication\app\Controllers\Auth.php(12): view('auth/register')
#3 C:\xampp\htdocs\CodeIgniter4-Authentication\vendor\codeigniter4\framework\system\CodeIgniter.php(802): App\Controllers\Auth->registrationForm()
#4 C:\xampp\htdocs\CodeIgniter4-Authentication\vendor\codeigniter4\framework\system\CodeIgniter.php(399): CodeIgniter\CodeIgniter->runController(Object(App\Controllers\Auth))
#5 C:\xampp\htdocs\CodeIgniter4-Authentication\vendor\codeigniter4\framework\system\CodeIgniter.php(317): CodeIgniter\CodeIgniter->handleRequest(NULL, Object(Config\Cache), false)
#6 C:\xampp\htdocs\CodeIgniter4-Authentication\public\index.php(45): CodeIgniter\CodeIgniter->run()
#7 C:\xampp\htdocs\CodeIgniter4-Authentication\vendor\codeigniter4\framework\system\Commands\Server\rewrite.php(43): require_once('C:\\xampp\\htdocs...')
#8 {main}
CRITICAL - 2021-09-13 09:06:43 --> Invalid file: auth/register.php
#0 C:\xampp\htdocs\CodeIgniter4-Authentication\vendor\codeigniter4\framework\system\View\View.php(198): CodeIgniter\Exceptions\FrameworkException::forInvalidFile('auth/register.p...')
#1 C:\xampp\htdocs\CodeIgniter4-Authentication\vendor\codeigniter4\framework\system\Common.php(1092): CodeIgniter\View\View->render('auth/register', Array, true)
#2 C:\xampp\htdocs\CodeIgniter4-Authentication\app\Controllers\Auth.php(12): view('auth/register')
#3 C:\xampp\htdocs\CodeIgniter4-Authentication\vendor\codeigniter4\framework\system\CodeIgniter.php(802): App\Controllers\Auth->registrationForm()
#4 C:\xampp\htdocs\CodeIgniter4-Authentication\vendor\codeigniter4\framework\system\CodeIgniter.php(399): CodeIgniter\CodeIgniter->runController(Object(App\Controllers\Auth))
#5 C:\xampp\htdocs\CodeIgniter4-Authentication\vendor\codeigniter4\framework\system\CodeIgniter.php(317): CodeIgniter\CodeIgniter->handleRequest(NULL, Object(Config\Cache), false)
#6 C:\xampp\htdocs\CodeIgniter4-Authentication\public\index.php(45): CodeIgniter\CodeIgniter->run()
#7 C:\xampp\htdocs\CodeIgniter4-Authentication\vendor\codeigniter4\framework\system\Commands\Server\rewrite.php(43): require_once('C:\\xampp\\htdocs...')
#8 {main}
CRITICAL - 2021-09-13 09:06:44 --> Invalid file: auth/register.php
#0 C:\xampp\htdocs\CodeIgniter4-Authentication\vendor\codeigniter4\framework\system\View\View.php(198): CodeIgniter\Exceptions\FrameworkException::forInvalidFile('auth/register.p...')
#1 C:\xampp\htdocs\CodeIgniter4-Authentication\vendor\codeigniter4\framework\system\Common.php(1092): CodeIgniter\View\View->render('auth/register', Array, true)
#2 C:\xampp\htdocs\CodeIgniter4-Authentication\app\Controllers\Auth.php(12): view('auth/register')
#3 C:\xampp\htdocs\CodeIgniter4-Authentication\vendor\codeigniter4\framework\system\CodeIgniter.php(802): App\Controllers\Auth->registrationForm()
#4 C:\xampp\htdocs\CodeIgniter4-Authentication\vendor\codeigniter4\framework\system\CodeIgniter.php(399): CodeIgniter\CodeIgniter->runController(Object(App\Controllers\Auth))
#5 C:\xampp\htdocs\CodeIgniter4-Authentication\vendor\codeigniter4\framework\system\CodeIgniter.php(317): CodeIgniter\CodeIgniter->handleRequest(NULL, Object(Config\Cache), false)
#6 C:\xampp\htdocs\CodeIgniter4-Authentication\public\index.php(45): CodeIgniter\CodeIgniter->run()
#7 C:\xampp\htdocs\CodeIgniter4-Authentication\vendor\codeigniter4\framework\system\Commands\Server\rewrite.php(43): require_once('C:\\xampp\\htdocs...')
#8 {main}
CRITICAL - 2021-09-13 09:06:44 --> Invalid file: auth/register.php
#0 C:\xampp\htdocs\CodeIgniter4-Authentication\vendor\codeigniter4\framework\system\View\View.php(198): CodeIgniter\Exceptions\FrameworkException::forInvalidFile('auth/register.p...')
#1 C:\xampp\htdocs\CodeIgniter4-Authentication\vendor\codeigniter4\framework\system\Common.php(1092): CodeIgniter\View\View->render('auth/register', Array, true)
#2 C:\xampp\htdocs\CodeIgniter4-Authentication\app\Controllers\Auth.php(12): view('auth/register')
#3 C:\xampp\htdocs\CodeIgniter4-Authentication\vendor\codeigniter4\framework\system\CodeIgniter.php(802): App\Controllers\Auth->registrationForm()
#4 C:\xampp\htdocs\CodeIgniter4-Authentication\vendor\codeigniter4\framework\system\CodeIgniter.php(399): CodeIgniter\CodeIgniter->runController(Object(App\Controllers\Auth))
#5 C:\xampp\htdocs\CodeIgniter4-Authentication\vendor\codeigniter4\framework\system\CodeIgniter.php(317): CodeIgniter\CodeIgniter->handleRequest(NULL, Object(Config\Cache), false)
#6 C:\xampp\htdocs\CodeIgniter4-Authentication\public\index.php(45): CodeIgniter\CodeIgniter->run()
#7 C:\xampp\htdocs\CodeIgniter4-Authentication\vendor\codeigniter4\framework\system\Commands\Server\rewrite.php(43): require_once('C:\\xampp\\htdocs...')
#8 {main}
CRITICAL - 2021-09-13 10:11:48 --> syntax error, unexpected '?>'
#0 C:\xampp\htdocs\CodeIgniter4-Authentication\vendor\codeigniter4\framework\system\View\View.php(217): CodeIgniter\View\View->CodeIgniter\View\{closure}()
#1 C:\xampp\htdocs\CodeIgniter4-Authentication\vendor\codeigniter4\framework\system\View\View.php(432): CodeIgniter\View\View->render('templates/navba...', NULL, true)
#2 C:\xampp\htdocs\CodeIgniter4-Authentication\app\Views\profile.php(4): CodeIgniter\View\View->include('templates/navba...')
#3 C:\xampp\htdocs\CodeIgniter4-Authentication\vendor\codeigniter4\framework\system\View\View.php(214): include('C:\\xampp\\htdocs...')
#4 C:\xampp\htdocs\CodeIgniter4-Authentication\vendor\codeigniter4\framework\system\View\View.php(217): CodeIgniter\View\View->CodeIgniter\View\{closure}()
#5 C:\xampp\htdocs\CodeIgniter4-Authentication\vendor\codeigniter4\framework\system\Common.php(1092): CodeIgniter\View\View->render('profile', Array, true)
#6 C:\xampp\htdocs\CodeIgniter4-Authentication\app\Controllers\Home.php(14): view('profile')
#7 C:\xampp\htdocs\CodeIgniter4-Authentication\vendor\codeigniter4\framework\system\CodeIgniter.php(802): App\Controllers\Home->dashboard()
#8 C:\xampp\htdocs\CodeIgniter4-Authentication\vendor\codeigniter4\framework\system\CodeIgniter.php(399): CodeIgniter\CodeIgniter->runController(Object(App\Controllers\Home))
#9 C:\xampp\htdocs\CodeIgniter4-Authentication\vendor\codeigniter4\framework\system\CodeIgniter.php(317): CodeIgniter\CodeIgniter->handleRequest(NULL, Object(Config\Cache), false)
#10 C:\xampp\htdocs\CodeIgniter4-Authentication\public\index.php(45): CodeIgniter\CodeIgniter->run()
#11 C:\xampp\htdocs\CodeIgniter4-Authentication\vendor\codeigniter4\framework\system\Commands\Server\rewrite.php(43): require_once('C:\\xampp\\htdocs...')
#12 {main}
CRITICAL - 2021-09-13 10:11:50 --> syntax error, unexpected '?>'
#0 C:\xampp\htdocs\CodeIgniter4-Authentication\vendor\codeigniter4\framework\system\View\View.php(217): CodeIgniter\View\View->CodeIgniter\View\{closure}()
#1 C:\xampp\htdocs\CodeIgniter4-Authentication\vendor\codeigniter4\framework\system\View\View.php(432): CodeIgniter\View\View->render('templates/navba...', NULL, true)
#2 C:\xampp\htdocs\CodeIgniter4-Authentication\app\Views\profile.php(4): CodeIgniter\View\View->include('templates/navba...')
#3 C:\xampp\htdocs\CodeIgniter4-Authentication\vendor\codeigniter4\framework\system\View\View.php(214): include('C:\\xampp\\htdocs...')
#4 C:\xampp\htdocs\CodeIgniter4-Authentication\vendor\codeigniter4\framework\system\View\View.php(217): CodeIgniter\View\View->CodeIgniter\View\{closure}()
#5 C:\xampp\htdocs\CodeIgniter4-Authentication\vendor\codeigniter4\framework\system\Common.php(1092): CodeIgniter\View\View->render('profile', Array, true)
#6 C:\xampp\htdocs\CodeIgniter4-Authentication\app\Controllers\Home.php(14): view('profile')
#7 C:\xampp\htdocs\CodeIgniter4-Authentication\vendor\codeigniter4\framework\system\CodeIgniter.php(802): App\Controllers\Home->dashboard()
#8 C:\xampp\htdocs\CodeIgniter4-Authentication\vendor\codeigniter4\framework\system\CodeIgniter.php(399): CodeIgniter\CodeIgniter->runController(Object(App\Controllers\Home))
#9 C:\xampp\htdocs\CodeIgniter4-Authentication\vendor\codeigniter4\framework\system\CodeIgniter.php(317): CodeIgniter\CodeIgniter->handleRequest(NULL, Object(Config\Cache), false)
#10 C:\xampp\htdocs\CodeIgniter4-Authentication\public\index.php(45): CodeIgniter\CodeIgniter->run()
#11 C:\xampp\htdocs\CodeIgniter4-Authentication\vendor\codeigniter4\framework\system\Commands\Server\rewrite.php(43): require_once('C:\\xampp\\htdocs...')
#12 {main}
CRITICAL - 2021-09-13 10:12:08 --> syntax error, unexpected '?>'
#0 C:\xampp\htdocs\CodeIgniter4-Authentication\vendor\codeigniter4\framework\system\View\View.php(217): CodeIgniter\View\View->CodeIgniter\View\{closure}()
#1 C:\xampp\htdocs\CodeIgniter4-Authentication\vendor\codeigniter4\framework\system\View\View.php(432): CodeIgniter\View\View->render('templates/navba...', NULL, true)
#2 C:\xampp\htdocs\CodeIgniter4-Authentication\app\Views\profile.php(4): CodeIgniter\View\View->include('templates/navba...')
#3 C:\xampp\htdocs\CodeIgniter4-Authentication\vendor\codeigniter4\framework\system\View\View.php(214): include('C:\\xampp\\htdocs...')
#4 C:\xampp\htdocs\CodeIgniter4-Authentication\vendor\codeigniter4\framework\system\View\View.php(217): CodeIgniter\View\View->CodeIgniter\View\{closure}()
#5 C:\xampp\htdocs\CodeIgniter4-Authentication\vendor\codeigniter4\framework\system\Common.php(1092): CodeIgniter\View\View->render('profile', Array, true)
#6 C:\xampp\htdocs\CodeIgniter4-Authentication\app\Controllers\Home.php(14): view('profile')
#7 C:\xampp\htdocs\CodeIgniter4-Authentication\vendor\codeigniter4\framework\system\CodeIgniter.php(802): App\Controllers\Home->dashboard()
#8 C:\xampp\htdocs\CodeIgniter4-Authentication\vendor\codeigniter4\framework\system\CodeIgniter.php(399): CodeIgniter\CodeIgniter->runController(Object(App\Controllers\Home))
#9 C:\xampp\htdocs\CodeIgniter4-Authentication\vendor\codeigniter4\framework\system\CodeIgniter.php(317): CodeIgniter\CodeIgniter->handleRequest(NULL, Object(Config\Cache), false)
#10 C:\xampp\htdocs\CodeIgniter4-Authentication\public\index.php(45): CodeIgniter\CodeIgniter->run()
#11 C:\xampp\htdocs\CodeIgniter4-Authentication\vendor\codeigniter4\framework\system\Commands\Server\rewrite.php(43): require_once('C:\\xampp\\htdocs...')
#12 {main}
CRITICAL - 2021-09-13 10:12:09 --> syntax error, unexpected '?>'
#0 C:\xampp\htdocs\CodeIgniter4-Authentication\vendor\codeigniter4\framework\system\View\View.php(217): CodeIgniter\View\View->CodeIgniter\View\{closure}()
#1 C:\xampp\htdocs\CodeIgniter4-Authentication\vendor\codeigniter4\framework\system\View\View.php(432): CodeIgniter\View\View->render('templates/navba...', NULL, true)
#2 C:\xampp\htdocs\CodeIgniter4-Authentication\app\Views\profile.php(4): CodeIgniter\View\View->include('templates/navba...')
#3 C:\xampp\htdocs\CodeIgniter4-Authentication\vendor\codeigniter4\framework\system\View\View.php(214): include('C:\\xampp\\htdocs...')
#4 C:\xampp\htdocs\CodeIgniter4-Authentication\vendor\codeigniter4\framework\system\View\View.php(217): CodeIgniter\View\View->CodeIgniter\View\{closure}()
#5 C:\xampp\htdocs\CodeIgniter4-Authentication\vendor\codeigniter4\framework\system\Common.php(1092): CodeIgniter\View\View->render('profile', Array, true)
#6 C:\xampp\htdocs\CodeIgniter4-Authentication\app\Controllers\Home.php(14): view('profile')
#7 C:\xampp\htdocs\CodeIgniter4-Authentication\vendor\codeigniter4\framework\system\CodeIgniter.php(802): App\Controllers\Home->dashboard()
#8 C:\xampp\htdocs\CodeIgniter4-Authentication\vendor\codeigniter4\framework\system\CodeIgniter.php(399): CodeIgniter\CodeIgniter->runController(Object(App\Controllers\Home))
#9 C:\xampp\htdocs\CodeIgniter4-Authentication\vendor\codeigniter4\framework\system\CodeIgniter.php(317): CodeIgniter\CodeIgniter->handleRequest(NULL, Object(Config\Cache), false)
#10 C:\xampp\htdocs\CodeIgniter4-Authentication\public\index.php(45): CodeIgniter\CodeIgniter->run()
#11 C:\xampp\htdocs\CodeIgniter4-Authentication\vendor\codeigniter4\framework\system\Commands\Server\rewrite.php(43): require_once('C:\\xampp\\htdocs...')
#12 {main}
CRITICAL - 2021-09-13 10:12:10 --> syntax error, unexpected '?>'
#0 C:\xampp\htdocs\CodeIgniter4-Authentication\vendor\codeigniter4\framework\system\View\View.php(217): CodeIgniter\View\View->CodeIgniter\View\{closure}()
#1 C:\xampp\htdocs\CodeIgniter4-Authentication\vendor\codeigniter4\framework\system\View\View.php(432): CodeIgniter\View\View->render('templates/navba...', NULL, true)
#2 C:\xampp\htdocs\CodeIgniter4-Authentication\app\Views\profile.php(4): CodeIgniter\View\View->include('templates/navba...')
#3 C:\xampp\htdocs\CodeIgniter4-Authentication\vendor\codeigniter4\framework\system\View\View.php(214): include('C:\\xampp\\htdocs...')
#4 C:\xampp\htdocs\CodeIgniter4-Authentication\vendor\codeigniter4\framework\system\View\View.php(217): CodeIgniter\View\View->CodeIgniter\View\{closure}()
#5 C:\xampp\htdocs\CodeIgniter4-Authentication\vendor\codeigniter4\framework\system\Common.php(1092): CodeIgniter\View\View->render('profile', Array, true)
#6 C:\xampp\htdocs\CodeIgniter4-Authentication\app\Controllers\Home.php(14): view('profile')
#7 C:\xampp\htdocs\CodeIgniter4-Authentication\vendor\codeigniter4\framework\system\CodeIgniter.php(802): App\Controllers\Home->dashboard()
#8 C:\xampp\htdocs\CodeIgniter4-Authentication\vendor\codeigniter4\framework\system\CodeIgniter.php(399): CodeIgniter\CodeIgniter->runController(Object(App\Controllers\Home))
#9 C:\xampp\htdocs\CodeIgniter4-Authentication\vendor\codeigniter4\framework\system\CodeIgniter.php(317): CodeIgniter\CodeIgniter->handleRequest(NULL, Object(Config\Cache), false)
#10 C:\xampp\htdocs\CodeIgniter4-Authentication\public\index.php(45): CodeIgniter\CodeIgniter->run()
#11 C:\xampp\htdocs\CodeIgniter4-Authentication\vendor\codeigniter4\framework\system\Commands\Server\rewrite.php(43): require_once('C:\\xampp\\htdocs...')
#12 {main}
